<?xml version="1.0" encoding="UTF-8"?>
<!-- Generated by org.testng.reporters.JUnitXMLReporter -->
<testsuite hostname="DESKTOP-U1OL4JI" failures="2" tests="2" name="Test14" time="43.486" errors="0" timestamp="23 Apr 2021 02:43:22 GMT">
  <testcase classname="com.triotree.website.OT.OTConsumablesTest" name="@BeforeMethod setUp" time="0.0">
    <failure type="org.openqa.selenium.WebDriverException" message="unknown error: cannot determine loading status
from disconnected: unable to send message to renderer
  (Session info: chrome=90.0.4430.85)
Build info: version: &amp;apos;3.7.1&amp;apos;, revision: &amp;apos;8a0099a&amp;apos;, time: &amp;apos;2017-11-06T21:01:39.354Z&amp;apos;
System info: host: &amp;apos;DESKTOP-U1OL4JI&amp;apos;, ip: &amp;apos;10.81.234.8&amp;apos;, os.name: &amp;apos;Windows 10&amp;apos;, os.arch: &amp;apos;amd64&amp;apos;, os.version: &amp;apos;10.0&amp;apos;, java.version: &amp;apos;10.0.2&amp;apos;
Driver info: org.openqa.selenium.chrome.ChromeDriver
Capabilities {acceptInsecureCerts: false, browserName: chrome, browserVersion: 90.0.4430.85, chrome: {chromedriverVersion: 89.0.4389.23 (61b08ee2c5002..., userDataDir: C:\Users\Nishant\AppData\Lo...}, goog:chromeOptions: {debuggerAddress: localhost:56524}, javascriptEnabled: true, networkConnectionEnabled: false, pageLoadStrategy: normal, platform: WINDOWS, platformName: WINDOWS, proxy: Proxy(), setWindowRect: true, strictFileInteractability: false, timeouts: {implicit: 0, pageLoad: 300000, script: 30000}, unhandledPromptBehavior: dismiss and notify, webauthn:extension:largeBlob: true, webauthn:virtualAuthenticators: true}
Session ID: 81a33b649f2868f48b8c2170898dcb4f">
      <![CDATA[org.openqa.selenium.WebDriverException: unknown error: cannot determine loading status
from disconnected: unable to send message to renderer
  (Session info: chrome=90.0.4430.85)
Build info: version: '3.7.1', revision: '8a0099a', time: '2017-11-06T21:01:39.354Z'
System info: host: 'DESKTOP-U1OL4JI', ip: '10.81.234.8', os.name: 'Windows 10', os.arch: 'amd64', os.version: '10.0', java.version: '10.0.2'
Driver info: org.openqa.selenium.chrome.ChromeDriver
Capabilities {acceptInsecureCerts: false, browserName: chrome, browserVersion: 90.0.4430.85, chrome: {chromedriverVersion: 89.0.4389.23 (61b08ee2c5002..., userDataDir: C:\Users\Nishant\AppData\Lo...}, goog:chromeOptions: {debuggerAddress: localhost:56524}, javascriptEnabled: true, networkConnectionEnabled: false, pageLoadStrategy: normal, platform: WINDOWS, platformName: WINDOWS, proxy: Proxy(), setWindowRect: true, strictFileInteractability: false, timeouts: {implicit: 0, pageLoad: 300000, script: 30000}, unhandledPromptBehavior: dismiss and notify, webauthn:extension:largeBlob: true, webauthn:virtualAuthenticators: true}
Session ID: 81a33b649f2868f48b8c2170898dcb4f
	at org.openqa.selenium.remote.http.W3CHttpResponseCodec.createException(W3CHttpResponseCodec.java:187)
	at org.openqa.selenium.remote.http.W3CHttpResponseCodec.decode(W3CHttpResponseCodec.java:122)
	at org.openqa.selenium.remote.http.W3CHttpResponseCodec.decode(W3CHttpResponseCodec.java:49)
	at org.openqa.selenium.remote.HttpCommandExecutor.execute(HttpCommandExecutor.java:164)
	at org.openqa.selenium.remote.service.DriverCommandExecutor.execute(DriverCommandExecutor.java:83)
	at org.openqa.selenium.remote.RemoteWebDriver.execute(RemoteWebDriver.java:600)
	at org.openqa.selenium.remote.RemoteWebDriver.get(RemoteWebDriver.java:324)
	at com.triotree.driver.website.TTWebsiteDriver.getURL(TTWebsiteDriver.java:153)
	at com.triotree.test.website.TTWebsiteBaseTest.setUp(TTWebsiteBaseTest.java:65)
... Removed 30 stack frames]]>
    </failure>
  </testcase> <!-- @BeforeMethod setUp -->
  <testcase classname="com.triotree.website.OT.OTConsumablesTest" name="@BeforeMethod setUp" time="0.0">
    <skipped/>
  </testcase> <!-- @BeforeMethod setUp -->
  <testcase classname="com.triotree.website.OT.OTConsumablesTest" name="OTConsumableTest" time="24.565">
    <failure type="java.lang.NullPointerException">
      <![CDATA[java.lang.NullPointerException
	at java.base/java.util.regex.Matcher.getTextLength(Matcher.java:1769)
	at java.base/java.util.regex.Matcher.reset(Matcher.java:416)
	at java.base/java.util.regex.Matcher.<init>(Matcher.java:253)
	at java.base/java.util.regex.Pattern.matcher(Pattern.java:1130)
	at com.aventstack.extentreports.utils.ExceptionUtil.getExceptionHeadline(ExceptionUtil.java:25)
	at com.aventstack.extentreports.model.ExceptionInfo.<init>(ExceptionInfo.java:19)
	at com.aventstack.extentreports.ExtentTest.log(ExtentTest.java:405)
	at com.aventstack.extentreports.ExtentTest.skip(ExtentTest.java:947)
	at com.aventstack.extentreports.ExtentTest.skip(ExtentTest.java:959)
	at com.triotree.test.base.ResultListener.onTestSkipped(ResultListener.java:71)
... Removed 21 stack frames]]>
    </failure>
  </testcase> <!-- OTConsumableTest -->
  <testcase classname="com.triotree.website.OT.OTConsumablesTest" name="otConsumableWithDischargeIP" time="0.013">
    <failure type="java.lang.NullPointerException">
      <![CDATA[java.lang.NullPointerException
	at java.base/java.util.regex.Matcher.getTextLength(Matcher.java:1769)
	at java.base/java.util.regex.Matcher.reset(Matcher.java:416)
	at java.base/java.util.regex.Matcher.<init>(Matcher.java:253)
	at java.base/java.util.regex.Pattern.matcher(Pattern.java:1130)
	at com.aventstack.extentreports.utils.ExceptionUtil.getExceptionHeadline(ExceptionUtil.java:25)
	at com.aventstack.extentreports.model.ExceptionInfo.<init>(ExceptionInfo.java:19)
	at com.aventstack.extentreports.ExtentTest.log(ExtentTest.java:405)
	at com.aventstack.extentreports.ExtentTest.skip(ExtentTest.java:947)
	at com.aventstack.extentreports.ExtentTest.skip(ExtentTest.java:959)
	at com.triotree.test.base.ResultListener.onTestSkipped(ResultListener.java:71)
... Removed 21 stack frames]]>
    </failure>
  </testcase> <!-- otConsumableWithDischargeIP -->
</testsuite> <!-- Test14 -->
